
========================================
Timestamp : 2026-05-09 01:21:31
CPU Usage : 0.9%
Memory    : 71.8% (6.94GB / 9.66GB)
Disk      : 60.9% (270.08GB / 467.35GB)
Status    : All systems normal ✅
========================================

========================================
Timestamp : 2026-05-09 01:26:19
CPU Usage : 3.5%
Memory    : 71.9% (6.94GB / 9.66GB)
Disk      : 60.9% (270.08GB / 467.35GB)
Status    : All systems normal ✅
========================================

========================================
Timestamp : 2026-05-09 01:27:20
CPU Usage : 13.1%
Memory    : 69.5% (6.71GB / 9.66GB)
Disk      : 60.9% (270.08GB / 467.35GB)
Status    : All systems normal ✅
========================================

========================================
Timestamp : 2026-05-09 01:28:21
CPU Usage : 3.5%
Memory    : 69.4% (6.7GB / 9.66GB)
Disk      : 60.9% (270.09GB / 467.35GB)
Status    : All systems normal ✅
========================================

========================================
Timestamp : 2026-05-09 01:29:22
CPU Usage : 3.8%
Memory    : 70.5% (6.81GB / 9.66GB)
Disk      : 60.9% (270.09GB / 467.35GB)
Status    : All systems normal ✅
========================================

========================================
Timestamp : 2026-05-09 01:30:23
CPU Usage : 4.6%
Memory    : 70.2% (6.78GB / 9.66GB)
Disk      : 60.9% (270.09GB / 467.35GB)
Status    : All systems normal ✅
========================================

========================================
Timestamp : 2026-05-09 01:31:24
CPU Usage : 3.4%
Memory    : 70.3% (6.79GB / 9.66GB)
Disk      : 60.9% (270.09GB / 467.35GB)
Status    : All systems normal ✅
========================================

========================================
Timestamp : 2026-05-09 01:32:25
CPU Usage : 12.1%
Memory    : 70.8% (6.84GB / 9.66GB)
Disk      : 60.9% (270.09GB / 467.35GB)
Status    : All systems normal ✅
========================================

========================================
Timestamp : 2026-05-09 01:33:26
CPU Usage : 3.4%
Memory    : 70.8% (6.84GB / 9.66GB)
Disk      : 60.9% (270.09GB / 467.35GB)
Status    : All systems normal ✅
========================================

========================================
Timestamp : 2026-05-09 01:34:27
CPU Usage : 13.2%
Memory    : 71.7% (6.92GB / 9.66GB)
Disk      : 60.9% (270.09GB / 467.35GB)
Status    : All systems normal ✅
========================================

========================================
Timestamp : 2026-05-09 01:35:28
CPU Usage : 3.9%
Memory    : 71.4% (6.9GB / 9.66GB)
Disk      : 60.9% (270.09GB / 467.35GB)
Status    : All systems normal ✅
========================================

========================================
Timestamp : 2026-05-09 01:36:29
CPU Usage : 6.3%
Memory    : 71.4% (6.9GB / 9.66GB)
Disk      : 60.9% (270.09GB / 467.35GB)
Status    : All systems normal ✅
========================================

========================================
Timestamp : 2026-05-09 01:40:20
CPU Usage : 42.9%
Memory    : 82.4% (7.96GB / 9.66GB)
Disk      : 60.9% (270.07GB / 467.35GB)
⚠️  ALERTS:
   - HIGH MEMORY: 82.4%
========================================
